<?xml version="1.0" encoding="UTF-8" ?>
<testsuite errors="0" failures="1" hostname="Mik-Desktop" name="ClientConversations.ClientJoinFightConversationTest" tests="2" time="16.201" timestamp="2012-11-18T23:43:46">
  <properties>
    <property name="libs.jsp-compiler.javadoc" value="" />
    <property name="netbeans.autoupdate.country" value="US" />
    <property name="javafx.binarycss" value="false" />
    <property name="javafx.signing.enabled" value="true" />
    <property name="javac.test.classpath" value="C:\repos\CS5200_Tanks\Dependencies\Javafx dependencies\jfxrt.jar:C:\repos\CS5200_Tanks\Dependencies\Javafx dependencies\deploy.jar:C:\repos\CS5200_Tanks\Dependencies\Javafx dependencies\javaws.jar:C:\repos\CS5200_Tanks\Dependencies\Javafx dependencies\plugin.jar:../TanksCommon/dist/TanksCommon.jar:C:\Dropbox\Java\slf4j-api-1.7.1.jar:C:\Repos\CS5200_Tanks\Implementation\TanksMessageClasses/dist/TanksMessageClasses.jar:build/classes:C:\Users\McKinley\AppData\Roaming\NetBeans\7.2\modules\ext\junit-4.10.jar" />
    <property name="libs.jsf20.maven-pom" value="" />
    <property name="javafx.runtime" value="C:\Program Files\Java\jdk1.7.0_07\jre" />
    <property name="reference.TanksCommon.jar" value="../TanksCommon/dist/TanksCommon.jar" />
    <property name="ant.file.type.TanksClient-impl" value="file" />
    <property name="libs.junit.javadoc" value="C:\Users\McKinley\AppData\Roaming\NetBeans\7.2\docs\junit-3.8.2-api.zip" />
    <property name="javac.includes" value="ClientConversations/ClientJoinFightConversationTest.java" />
    <property name="ant.core.lib" value="C:\Program Files\NetBeans 7.2\java\ant\lib\ant.jar" />
    <property name="javadoc.windowtitle" value="" />
    <property name="libs.jsp-compilation.javadoc" value="" />
    <property name="file.reference.slf4j-api-1.7.1.jar" value="C:\Dropbox\Java\slf4j-api-1.7.1.jar" />
    <property name="javafx.preloader.enabled" value="false" />
    <property name="user.dir" value="C:\Repos\CS5200_Tanks\Implementation\TanksClient" />
    <property name="libs.hibernate-persistence.javadoc" value="" />
    <property name="java.vm.version" value="23.3-b01" />
    <property name="libs.jstl11.maven-pom" value="" />
    <property name="libs.JAX-WS-ENDORSED.classpath" value="C:\Program Files\NetBeans 7.2\java\modules\ext\jaxws22\api\jaxws-api.jar;C:\Program Files\NetBeans 7.2\ide\modules\ext\jaxb\api\jaxb-api.jar" />
    <property name="libs.MySQLDriver.classpath" value="C:\Program Files\NetBeans 7.2\ide\modules\ext\mysql-connector-java-5.1.18-bin.jar" />
    <property name="libs.eclipselinkmodelgen.src" value="" />
    <property name="libs.jstl11.src" value="" />
    <property name="javadoc.notree" value="false" />
    <property name="netbeans.autoupdate.version" value="1.23" />
    <property name="javafx.run.as" value="standalone" />
    <property name="libs.javaee-web-api-6.0.classpath" value="C:\Users\McKinley\AppData\Roaming\NetBeans\7.2\modules\ext\javaee-web-api-6.0.jar" />
    <property name="ant.file.Tanks" value="C:\Repos\CS5200_Tanks\Implementation\TanksClient\build.xml" />
    <property name="libs.hibernate-support.maven-pom" value="" />
    <property name="libs.hibernate-support.javadoc" value="" />
    <property name="jdk.home" value="C:\Program Files\Java\jdk1.7.0_07" />
    <property name="javafx.deploy.addstartmenushortcut" value="false" />
    <property name="libs.javac-api.src" value="" />
    <property name="javafx.enabled" value="true" />
    <property name="javadoc.noindex" value="false" />
    <property name="sun.os.patch.level" value="" />
    <property name="auxiliary.org-netbeans-modules-projectapi.issue214819_5f_fx_5f_enabled" value="true" />
    <property name="java.vm.specification.name" value="Java Virtual Machine Specification" />
    <property name="nb.show.statistics.ui" value="usageStatisticsEnabled" />
    <property name="netbeans.autoupdate.variant" value="" />
    <property name="have.tests" value="true" />
    <property name="org.xml.sax.driver" value="com.sun.org.apache.xerces.internal.jaxp.SAXParserImpl$JAXPSAXParser" />
    <property name="libs.javac-api.javadoc" value="" />
    <property name="os.name" value="Windows 8" />
    <property name="libs.beans-binding.classpath" value="C:\Program Files\NetBeans 7.2\java\modules\ext\beansbinding-1.2.1.jar" />
    <property name="ap.proc.none.internal" value="" />
    <property name="libs.JWSAntTasks.maven-pom" value="" />
    <property name="jnlp.signing.keystore" value="" />
    <property name="libs.testng.src" value="" />
    <property name="javafx.preloader.project.path" value="" />
    <property name="libs.spring-webmvc3.0.src" value="" />
    <property name="java.vendor.url.bug" value="http://bugreport.sun.com/bugreport/" />
    <property name="javafx.preloader.type" value="none" />
    <property name="libs.jaxb.maven-pom" value="" />
    <property name="os.arch" value="amd64" />
    <property name="libs.eclipselink.src" value="" />
    <property name="user.name" value="McKinley" />
    <property name="libs.jsf12.javadoc" value="" />
    <property name="copylibs.rebase" value="true" />
    <property name="manifest.available+main.class" value="true" />
    <property name="libs.spring-webmvc3.0.maven-pom" value="" />
    <property name="libs.swing-layout.maven-pom" value="" />
    <property name="sun.java.command" value="org.apache.tools.ant.taskdefs.optional.junit.JUnitTestRunner ClientConversations.ClientJoinFightConversationTest filtertrace=true haltOnError=false haltOnFailure=false showoutput=true outputtoformatters=true logfailedtests=true logtestlistenerevents=true formatter=org.apache.tools.ant.taskdefs.optional.junit.BriefJUnitResultFormatter formatter=org.apache.tools.ant.taskdefs.optional.junit.XMLJUnitResultFormatter,C:\Repos\CS5200_Tanks\Implementation\TanksClient\build\test\results\TEST-ClientConversations.ClientJoinFightConversationTest.xml crashfile=C:\Repos\CS5200_Tanks\Implementation\TanksClient\build\junitvmwatcher4529055741374885107.properties propsfile=C:\Repos\CS5200_Tanks\Implementation\TanksClient\build\junit3316812547388385428.properties" />
    <property name="build.classes.dir" value="build/classes" />
    <property name="platforms.Default_JavaFX_Platform.home" value="C:\Program Files\Java\jdk1.7.0_07" />
    <property name="netbeans.accept_license_class" value="org.netbeans.license.AcceptLicense" />
    <property name="jnlp.descriptor" value="application" />
    <property name="build.sysclasspath" value="ignore" />
    <property name="ap.supported.internal" value="true" />
    <property name="libs.jaxws21.javadoc" value="C:\Program Files\NetBeans 7.2\java\docs\jaxws-api-doc.zip" />
    <property name="javafx.run.width" value="800" />
    <property name="includes" value="**" />
    <property name="user.country" value="US" />
    <property name="manifest.file" value="manifest.mf" />
    <property name="libs.jstl11.javadoc" value="" />
    <property name="javadoc.encoding" value="UTF-8" />
    <property name="javac.classpath" value="C:\repos\CS5200_Tanks\Dependencies\Javafx dependencies\jfxrt.jar:C:\repos\CS5200_Tanks\Dependencies\Javafx dependencies\deploy.jar:C:\repos\CS5200_Tanks\Dependencies\Javafx dependencies\javaws.jar:C:\repos\CS5200_Tanks\Dependencies\Javafx dependencies\plugin.jar:../TanksCommon/dist/TanksCommon.jar:C:\Dropbox\Java\slf4j-api-1.7.1.jar:C:\Repos\CS5200_Tanks\Implementation\TanksMessageClasses/dist/TanksMessageClasses.jar" />
    <property name="libs.jsp-compilation-syscp.src" value="" />
    <property name="platforms.Default_JavaFX_Platform.javafx.javadoc" value="http://docs.oracle.com/javafx/2/api/" />
    <property name="debug-transport" value="dt_shmem" />
    <property name="netbeans.home" value="C:\Program Files\NetBeans 7.2\platform" />
    <property name="build.compiler.emacs" value="true" />
    <property name="libs.javaee-web-api-6.0.src" value="" />
    <property name="libs.ejb3-persistence.src" value="" />
    <property name="libs.jsp-compilation-syscp.classpath" value="C:\Program Files\NetBeans 7.2\java\ant\lib\ant.jar;C:\Users\McKinley\AppData\Roaming\NetBeans\7.2\modules\ext\servlet3.0-jsp2.2-api.jar;C:\Users\McKinley\AppData\Roaming\NetBeans\7.2\modules\ext\glassfish-jspparser-3.0.jar;C:\Users\McKinley\AppData\Roaming\NetBeans\7.2\modules\ext\standard.jar;C:\Users\McKinley\AppData\Roaming\NetBeans\7.2\modules\ext\jsf-2_1\jsf-impl.jar" />
    <property name="javafx.deploy.includeDT" value="true" />
    <property name="java.endorsed.dirs" value="C:\Program Files\Java\jdk1.7.0_07\jre\lib\endorsed" />
    <property name="test.includes" value="ClientConversations/ClientJoinFightConversationTest.java" />
    <property name="netbeans.dynamic.classpath" value="C:\Program Files\NetBeans 7.2\platform\core\core.jar;C:\Program Files\NetBeans 7.2\platform\core\org-openide-filesystems.jar;C:\Program Files\NetBeans 7.2\platform\core\locale\core_ja.jar;C:\Program Files\NetBeans 7.2\platform\core\locale\core_pt_BR.jar;C:\Program Files\NetBeans 7.2\platform\core\locale\core_ru.jar;C:\Program Files\NetBeans 7.2\platform\core\locale\core_zh_CN.jar;C:\Program Files\NetBeans 7.2\platform\core\locale\org-openide-filesystems_ja.jar;C:\Program Files\NetBeans 7.2\platform\core\locale\org-openide-filesystems_pt_BR.jar;C:\Program Files\NetBeans 7.2\platform\core\locale\org-openide-filesystems_ru.jar;C:\Program Files\NetBeans 7.2\platform\core\locale\org-openide-filesystems_zh_CN.jar;C:\Program Files\NetBeans 7.2\nb\core\org-netbeans-upgrader.jar;C:\Program Files\NetBeans 7.2\nb\core\locale\core_nb.jar;C:\Program Files\NetBeans 7.2\nb\core\locale\core_nb_ja.jar;C:\Program Files\NetBeans 7.2\nb\core\locale\core_nb_pt_BR.jar;C:\Program Files\NetBeans 7.2\nb\core\locale\core_nb_ru.jar;C:\Program Files\NetBeans 7.2\nb\core\locale\core_nb_zh_CN.jar;C:\Program Files\NetBeans 7.2\nb\core\locale\org-netbeans-upgrader_ja.jar;C:\Program Files\NetBeans 7.2\nb\core\locale\org-netbeans-upgrader_pt_BR.jar;C:\Program Files\NetBeans 7.2\nb\core\locale\org-netbeans-upgrader_ru.jar;C:\Program Files\NetBeans 7.2\nb\core\locale\org-netbeans-upgrader_zh_CN.jar" />
    <property name="jnlp.enabled" value="false" />
    <property name="java.vm.specification.version" value="1.7" />
    <property name="libs.primefaces.classpath" value="C:\Users\McKinley\AppData\Roaming\NetBeans\7.2\modules\ext\primefaces\primefaces-3.2.jar" />
    <property name="libs.javaee-api-6.0.classpath" value="C:\Users\McKinley\AppData\Roaming\NetBeans\7.2\modules\ext\javaee-api-6.0.jar" />
    <property name="netbeans.productversion" value="NetBeans IDE 7.2 (Build 201207171143)" />
    <property name="libs.hibernate-persistence.classpath" value="C:\Program Files\NetBeans 7.2\java\modules\ext\hibernate\antlr-2.7.6.jar;C:\Program Files\NetBeans 7.2\java\modules\ext\hibernate\asm.jar;C:\Program Files\NetBeans 7.2\java\modules\ext\hibernate\asm-attrs.jar;C:\Program Files\NetBeans 7.2\java\modules\ext\hibernate\cglib-2.1.3.jar;C:\Program Files\NetBeans 7.2\java\modules\ext\hibernate\commons-collections-2.1.1.jar;C:\Program Files\NetBeans 7.2\ide\modules\org-apache-commons-logging.jar;C:\Program Files\NetBeans 7.2\java\modules\ext\hibernate\dom4j-1.6.1.jar;C:\Program Files\NetBeans 7.2\java\modules\ext\hibernate\ehcache-1.2.3.jar;C:\Program Files\NetBeans 7.2\java\modules\ext\hibernate\jdbc2_0-stdext.jar;C:\Program Files\NetBeans 7.2\java\modules\ext\hibernate\jta.jar;C:\Program Files\NetBeans 7.2\java\modules\ext\hibernate\hibernate3.jar;C:\Program Files\NetBeans 7.2\java\modules\ext\hibernate\hibernate-tools.jar;C:\Program Files\NetBeans 7.2\java\modules\ext\hibernate\hibernate-annotations.jar;C:\Program Files\NetBeans 7.2\java\modules\ext\hibernate\hibernate-commons-annotations.jar;C:\Program Files\NetBeans 7.2\java\modules\ext\hibernate\hibernate-entitymanager.jar;C:\Program Files\NetBeans 7.2\java\modules\ext\hibernate\javassist.jar;C:\Program Files\NetBeans 7.2\java\modules\ext\hibernate\ejb3-persistence.jar" />
    <property name="javafx.preloader.class" value="" />
    <property name="libs.jaxws21.src" value="" />
    <property name="application.title" value="TanksClient" />
    <property name="netbeans.autoupdate.language" value="en" />
    <property name="java.vendor" value="Oracle Corporation" />
    <property name="libs.javaee-api-6.0.javadoc" value="" />
    <property name="jar.index.metainf" value="false" />
    <property name="javac.debug" value="true" />
    <property name="javadoc.splitindex" value="true" />
    <property name="file.separator" value="\" />
    <property name="javac.includesfile.binary" value="C:\Repos\CS5200_Tanks\Implementation\TanksClient\null781421601" />
    <property name="libs.junit_4.maven-pom" value="" />
    <property name="mkdist.disabled" value="false" />
    <property name="javac.test.processorpath" value="C:\repos\CS5200_Tanks\Dependencies\Javafx dependencies\jfxrt.jar:C:\repos\CS5200_Tanks\Dependencies\Javafx dependencies\deploy.jar:C:\repos\CS5200_Tanks\Dependencies\Javafx dependencies\javaws.jar:C:\repos\CS5200_Tanks\Dependencies\Javafx dependencies\plugin.jar:../TanksCommon/dist/TanksCommon.jar:C:\Dropbox\Java\slf4j-api-1.7.1.jar:C:\Repos\CS5200_Tanks\Implementation\TanksMessageClasses/dist/TanksMessageClasses.jar:build/classes:C:\Users\McKinley\AppData\Roaming\NetBeans\7.2\modules\ext\junit-4.10.jar" />
    <property name="netbeans.buildnumber" value="201207171143" />
    <property name="libs.JWSAntTasks.javadoc" value="" />
    <property name="build.generated.sources.dir" value="build/generated-sources" />
    <property name="user.variant" value="" />
    <property name="libs.eclipselinkmodelgen.classpath" value="C:\Program Files\NetBeans 7.2\java\modules\ext\eclipselink\org.eclipse.persistence.jpa.modelgen.processor-2.3.2.jar" />
    <property name="sun.java.launcher" value="SUN_STANDARD" />
    <property name="libs.junit.classpath" value="C:\Users\McKinley\AppData\Roaming\NetBeans\7.2\modules\ext\junit-3.8.2.jar" />
    <property name="libs.jaxb.javadoc" value="C:\Program Files\NetBeans 7.2\ide\docs\jaxb-api-doc.zip" />
    <property name="libs.struts.classpath" value="C:\Users\McKinley\AppData\Roaming\NetBeans\7.2\modules\ext\struts\antlr-2.7.2.jar;C:\Users\McKinley\AppData\Roaming\NetBeans\7.2\modules\ext\struts\bsf-2.3.0.jar;C:\Users\McKinley\AppData\Roaming\NetBeans\7.2\modules\ext\struts\commons-beanutils-1.8.0.jar;C:\Users\McKinley\AppData\Roaming\NetBeans\7.2\modules\ext\struts\commons-chain-1.2.jar;C:\Users\McKinley\AppData\Roaming\NetBeans\7.2\modules\ext\struts\commons-digester-1.8.jar;C:\Users\McKinley\AppData\Roaming\NetBeans\7.2\modules\ext\struts\commons-fileupload-1.1.1.jar;C:\Users\McKinley\AppData\Roaming\NetBeans\7.2\modules\ext\struts\commons-io-1.1.jar;C:\Users\McKinley\AppData\Roaming\NetBeans\7.2\modules\ext\struts\commons-logging-1.0.4.jar;C:\Users\McKinley\AppData\Roaming\NetBeans\7.2\modules\ext\struts\commons-validator-1.3.1.jar;C:\Users\McKinley\AppData\Roaming\NetBeans\7.2\modules\ext\struts\jstl-1.0.2.jar;C:\Users\McKinley\AppData\Roaming\NetBeans\7.2\modules\ext\struts\oro-2.0.8.jar;C:\Users\McKinley\AppData\Roaming\NetBeans\7.2\modules\ext\struts\standard-1.0.6.jar;C:\Users\McKinley\AppData\Roaming\NetBeans\7.2\modules\ext\struts\struts-core-1.3.10.jar;C:\Users\McKinley\AppData\Roaming\NetBeans\7.2\modules\ext\struts\struts-el-1.3.10.jar;C:\Users\McKinley\AppData\Roaming\NetBeans\7.2\modules\ext\struts\struts-extras-1.3.10.jar;C:\Users\McKinley\AppData\Roaming\NetBeans\7.2\modules\ext\struts\struts-faces-1.3.10.jar;C:\Users\McKinley\AppData\Roaming\NetBeans\7.2\modules\ext\struts\struts-mailreader-dao-1.3.10.jar;C:\Users\McKinley\AppData\Roaming\NetBeans\7.2\modules\ext\struts\struts-scripting-1.3.10.jar;C:\Users\McKinley\AppData\Roaming\NetBeans\7.2\modules\ext\struts\struts-taglib-1.3.10.jar;C:\Users\McKinley\AppData\Roaming\NetBeans\7.2\modules\ext\struts\struts-tiles-1.3.10.jar" />
    <property name="javac.includes.binary" value="C:\Repos\CS5200_Tanks\Implementation\TanksClient\build\test\classes\ClientConversations\ClientJoinFightConversationTest.class" />
    <property name="ant.home" value="C:\Program Files\NetBeans 7.2\java\ant" />
    <property name="libs.junit_4.src" value="C:\Users\McKinley\AppData\Roaming\NetBeans\7.2\docs\junit-4.10-sources.jar" />
    <property name="javafx.run.height" value="600" />
    <property name="libs.testng.classpath" value="C:\Program Files\NetBeans 7.2\platform\modules\ext\testng-6.5.1-dist.jar" />
    <property name="libs.absolutelayout.maven-pom" value="" />
    <property name="ant.java.version" value="1.7" />
    <property name="java.library.path" value="C:\Program Files\Java\jdk1.7.0_07\jre\bin;C:\Windows\Sun\Java\bin;C:\Windows\system32;C:\Windows;C:\Program Files (x86)\NVIDIA Corporation\PhysX\Common;C:\Program Files (x86)\MiKTeX 2.9\miktex\bin;C:\Windows\system32;C:\Windows;C:\Windows\System32\Wbem;C:\Windows\System32\WindowsPowerShell\v1.0\;." />
    <property name="javadoc.author" value="false" />
    <property name="libs.metro.maven-pom" value="" />
    <property name="manifest.available+main.class-mkdist.available" value="true" />
    <property name="java.util.logging.config.class" value="org.netbeans.core.startup.TopLogging" />
    <property name="libs.PostgreSQLDriver.src" value="" />
    <property name="sun.arch.data.model" value="64" />
    <property name="basedir" value="C:\Repos\CS5200_Tanks\Implementation\TanksClient" />
    <property name="libs.jpa20-persistence.maven-pom" value="" />
    <property name="jar.compress" value="false" />
    <property name="libs.jstl11.classpath" value="C:\Users\McKinley\AppData\Roaming\NetBeans\7.2\modules\ext\standard.jar;C:\Users\McKinley\AppData\Roaming\NetBeans\7.2\modules\ext\jstl.jar" />
    <property name="path.separator" value=";" />
    <property name="libs.javaee-web-api-6.0.javadoc" value="" />
    <property name="ant.junit.enabletestlistenerevents" value="true" />
    <property name="sun.io.unicode.encoding" value="UnicodeLittle" />
    <property name="libs.jaxws21.classpath" value="C:\Program Files\NetBeans 7.2\ide\modules\ext\jaxb\jaxb-impl.jar;C:\Program Files\NetBeans 7.2\ide\modules\ext\jaxb\jaxb-xjc.jar;C:\Program Files\NetBeans 7.2\java\modules\ext\jaxws22\FastInfoset.jar;C:\Program Files\NetBeans 7.2\java\modules\ext\jaxws22\gmbal-api-only.jar;C:\Program Files\NetBeans 7.2\java\modules\ext\jaxws22\ha-api.jar;C:\Program Files\NetBeans 7.2\java\modules\ext\jaxws22\javax.mail_1.4.jar;C:\Program Files\NetBeans 7.2\java\modules\ext\jaxws22\jaxws-rt.jar;C:\Program Files\NetBeans 7.2\java\modules\ext\jaxws22\jaxws-tools.jar;C:\Program Files\NetBeans 7.2\java\modules\ext\jaxws22\management-api.jar;C:\Program Files\NetBeans 7.2\java\modules\ext\jaxws22\mimepull.jar;C:\Program Files\NetBeans 7.2\java\modules\ext\jaxws22\policy.jar;C:\Program Files\NetBeans 7.2\java\modules\ext\jaxws22\saaj-impl.jar;C:\Program Files\NetBeans 7.2\java\modules\ext\jaxws22\stax-ex.jar;C:\Program Files\NetBeans 7.2\java\modules\ext\jaxws22\stax2-api.jar;C:\Program Files\NetBeans 7.2\java\modules\ext\jaxws22\streambuffer.jar;C:\Program Files\NetBeans 7.2\java\modules\ext\jaxws22\woodstox-core-asl.jar;C:\Program Files\NetBeans 7.2\java\modules\ext\jaxws22\api\jaxws-api.jar;C:\Program Files\NetBeans 7.2\java\modules\ext\jaxws22\api\jsr181-api.jar;C:\Program Files\NetBeans 7.2\java\modules\ext\jaxws22\api\javax.annotation.jar;C:\Program Files\NetBeans 7.2\java\modules\ext\jaxws22\api\saaj-api.jar;C:\Program Files\NetBeans 7.2\ide\modules\ext\jaxb\activation.jar;C:\Program Files\NetBeans 7.2\ide\modules\ext\jaxb\api\jaxb-api.jar;C:\Program Files\NetBeans 7.2\ide\modules\ext\jaxb\api\jsr173_1.0_api.jar" />
    <property name="libs.struts.src" value="" />
    <property name="compile.on.save" value="true" />
    <property name="apple.awt.graphics.UseQuartz" value="true" />
    <property name="user.language" value="en" />
    <property name="file.reference.javaws.jar" value="C:\repos\CS5200_Tanks\Dependencies\Javafx dependencies\javaws.jar" />
    <property name="testng.mode" value="testng" />
    <property name="libs.JAXB-ENDORSED.maven-pom" value="" />
    <property name="libs.spring-framework.classpath" value="C:\Program Files\NetBeans 7.2\ide\modules\org-apache-commons-logging.jar;C:\Program Files\NetBeans 7.2\java\modules\ext\cglib-2.2.jar;C:\Program Files\NetBeans 7.2\java\modules\ext\spring\spring-2.5.6.SEC03.jar" />
    <property name="libs.eclipselink.maven-pom" value="" />
    <property name="application.vendor" value="McKinley" />
    <property name="manifest.available" value="true" />
    <property name="libs.primefaces.javadoc" value="" />
    <property name="libs.spring-framework300.maven-pom" value="" />
    <property name="run.test.classpath" value="C:\repos\CS5200_Tanks\Dependencies\Javafx dependencies\jfxrt.jar:C:\repos\CS5200_Tanks\Dependencies\Javafx dependencies\deploy.jar:C:\repos\CS5200_Tanks\Dependencies\Javafx dependencies\javaws.jar:C:\repos\CS5200_Tanks\Dependencies\Javafx dependencies\plugin.jar:../TanksCommon/dist/TanksCommon.jar:C:\Dropbox\Java\slf4j-api-1.7.1.jar:C:\Repos\CS5200_Tanks\Implementation\TanksMessageClasses/dist/TanksMessageClasses.jar:build/classes:C:\Users\McKinley\AppData\Roaming\NetBeans\7.2\modules\ext\junit-4.10.jar:build/test/classes" />
    <property name="ant.project.invoked-targets" value="test-single" />
    <property name="libs.swing-layout.javadoc" value="C:\Program Files\NetBeans 7.2\platform\docs\swing-layout-1.0.4-doc.zip" />
    <property name="libs.ejb3-persistence.maven-pom" value="" />
    <property name="libs.PostgreSQLDriver.maven-pom" value="" />
    <property name="java.class.version" value="51.0" />
    <property name="libs.javaee-endorsed-api-6.0.src" value="" />
    <property name="netbeans.system_http_proxy" value="DIRECT" />
    <property name="libs.eclipselink.javadoc" value="" />
    <property name="libs.jsp-compilation.maven-pom" value="" />
    <property name="user.properties.file" value="C:\Users\McKinley\AppData\Roaming\NetBeans\7.2\build.properties" />
    <property name="runtime.encoding" value="UTF-8" />
    <property name="javafx.rebase.libs" value="false" />
    <property name="libs.spring-framework.src" value="" />
    <property name="libs.javac-api.maven-pom" value="" />
    <property name="file.encoding.pkg" value="sun.io" />
    <property name="sun.cpu.endian" value="little" />
    <property name="libs.JAXB-ENDORSED.javadoc" value="" />
    <property name="libs.JWSAntTasks.classpath" value="C:\Program Files\NetBeans 7.2\java\ant\extra\org-netbeans-modules-javawebstart-anttasks.jar" />
    <property name="libs.spring-framework300.src" value="" />
    <property name="empty.dir" value="C:\Repos\CS5200_Tanks\Implementation\TanksClient\build\empty" />
    <property name="javafx.deploy.backgroundupdate" value="false" />
    <property name="version-output" value="java version &quot;1.7" />
    <property name="javafx.preloader.jar.path" value="" />
    <property name="javadoc.preview" value="true" />
    <property name="libs.jpa20-persistence.javadoc" value="" />
    <property name="java.home" value="C:\Program Files\Java\jdk1.7.0_07\jre" />
    <property name="libs.jsp-compilation.src" value="" />
    <property name="libs.spring-webmvc.src" value="" />
    <property name="debug.test.classpath" value="C:\repos\CS5200_Tanks\Dependencies\Javafx dependencies\jfxrt.jar:C:\repos\CS5200_Tanks\Dependencies\Javafx dependencies\deploy.jar:C:\repos\CS5200_Tanks\Dependencies\Javafx dependencies\javaws.jar:C:\repos\CS5200_Tanks\Dependencies\Javafx dependencies\plugin.jar:../TanksCommon/dist/TanksCommon.jar:C:\Dropbox\Java\slf4j-api-1.7.1.jar:C:\Repos\CS5200_Tanks\Implementation\TanksMessageClasses/dist/TanksMessageClasses.jar:build/classes:C:\Users\McKinley\AppData\Roaming\NetBeans\7.2\modules\ext\junit-4.10.jar:build/test/classes" />
    <property name="libs.javaee-endorsed-api-6.0.classpath" value="C:\Users\McKinley\AppData\Roaming\NetBeans\7.2\modules\ext\javaee6-endorsed\javax.annotation.jar;C:\Users\McKinley\AppData\Roaming\NetBeans\7.2\modules\ext\javaee6-endorsed\jaxb-api-osgi.jar;C:\Users\McKinley\AppData\Roaming\NetBeans\7.2\modules\ext\javaee6-endorsed\webservices-api-osgi.jar" />
    <property name="libs.javaee-api-6.0.src" value="" />
    <property name="netbeans.importclass" value="org.netbeans.upgrade.AutoUpgrade" />
    <property name="ant.project.default-target" value="default" />
    <property name="annotation.processing.run.all.processors" value="true" />
    <property name="jar.archive.disabled" value="true" />
    <property name="jnlp.signing.alias" value="" />
    <property name="libs.PostgreSQLDriver.javadoc" value="" />
    <property name="libs.JAX-WS-ENDORSED.maven-pom" value="" />
    <property name="javafx.main.class" value="tanks.Tanks" />
    <property name="libs.MySQLDriver.maven-pom" value="" />
    <property name="libs.JAX-WS-ENDORSED.src" value="" />
    <property name="libs.junit_4.javadoc" value="C:\Users\McKinley\AppData\Roaming\NetBeans\7.2\docs\junit-4.10-javadoc.jar" />
    <property name="ant.file.type.Tanks" value="file" />
    <property name="libs.spring-webmvc.javadoc" value="" />
    <property name="libs.javaee-web-api-6.0.maven-pom" value="" />
    <property name="run.classpath" value="dist/TanksClient.jar:C:\repos\CS5200_Tanks\Dependencies\Javafx dependencies\jfxrt.jar:C:\repos\CS5200_Tanks\Dependencies\Javafx dependencies\deploy.jar:C:\repos\CS5200_Tanks\Dependencies\Javafx dependencies\javaws.jar:C:\repos\CS5200_Tanks\Dependencies\Javafx dependencies\plugin.jar:../TanksCommon/dist/TanksCommon.jar:C:\Dropbox\Java\slf4j-api-1.7.1.jar:C:\Repos\CS5200_Tanks\Implementation\TanksMessageClasses/dist/TanksMessageClasses.jar" />
    <property name="libs.hibernate-support.src" value="" />
    <property name="endorsed.javafx.ant.classpath" value="." />
    <property name="jna.boot.library.name" value="jnidispatch-340" />
    <property name="libs.javaee-endorsed-api-6.0.javadoc" value="" />
    <property name="libs.spring-webmvc3.0.javadoc" value="" />
    <property name="annotation.processing.enabled.in.editor" value="false" />
    <property name="sun.management.compiler" value="HotSpot 64-Bit Tiered Compilers" />
    <property name="javac.deprecation" value="false" />
    <property name="javadoc.use" value="true" />
    <property name="sun.java2d.noddraw" value="true" />
    <property name="libs.jsp-compiler.classpath" value="C:\Users\McKinley\AppData\Roaming\NetBeans\7.2\ant\extra\jspcompile.jar" />
    <property name="javac.processorpath" value="C:\repos\CS5200_Tanks\Dependencies\Javafx dependencies\jfxrt.jar:C:\repos\CS5200_Tanks\Dependencies\Javafx dependencies\deploy.jar:C:\repos\CS5200_Tanks\Dependencies\Javafx dependencies\javaws.jar:C:\repos\CS5200_Tanks\Dependencies\Javafx dependencies\plugin.jar:../TanksCommon/dist/TanksCommon.jar:C:\Dropbox\Java\slf4j-api-1.7.1.jar:C:\Repos\CS5200_Tanks\Implementation\TanksMessageClasses/dist/TanksMessageClasses.jar" />
    <property name="libs.spring-webmvc.classpath" value="C:\Users\McKinley\AppData\Roaming\NetBeans\7.2\modules\ext\spring\spring-webmvc-2.5.6.SEC03.jar" />
    <property name="javac.compilerargs" value="" />
    <property name="ant.file" value="C:\Repos\CS5200_Tanks\Implementation\TanksClient\build.xml" />
    <property name="ant.file.TanksClient-impl" value="C:\Repos\CS5200_Tanks\Implementation\TanksClient\nbproject\build-impl.xml" />
    <property name="libs.beans-binding.maven-pom" value="" />
    <property name="jnlp.codebase.type" value="no.codebase" />
    <property name="libs.jsf12.classpath" value="C:\Users\McKinley\AppData\Roaming\NetBeans\7.2\modules\ext\jsf-1_2\commons-beanutils.jar;C:\Users\McKinley\AppData\Roaming\NetBeans\7.2\modules\ext\jsf-1_2\commons-collections.jar;C:\Users\McKinley\AppData\Roaming\NetBeans\7.2\modules\ext\jsf-1_2\commons-digester.jar;C:\Users\McKinley\AppData\Roaming\NetBeans\7.2\modules\ext\jsf-1_2\commons-logging.jar;C:\Users\McKinley\AppData\Roaming\NetBeans\7.2\modules\ext\jsf-1_2\jsf-api.jar;C:\Users\McKinley\AppData\Roaming\NetBeans\7.2\modules\ext\jsf-1_2\jsf-impl.jar" />
    <property name="javafx.signing.type" value="self" />
    <property name="libs.beans-binding.src" value="" />
    <property name="java.vm.specification.vendor" value="Oracle Corporation" />
    <property name="libs.swing-layout.src" value="C:\Program Files\NetBeans 7.2\platform\docs\swing-layout-1.0.4-src.zip" />
    <property name="org.openide.major.version" value="IDE/1" />
    <property name="java.vm.name" value="Java HotSpot(TM) 64-Bit Server VM" />
    <property name="javafx.preloader.jar.filename" value="" />
    <property name="platforms.Default_JavaFX_Platform.compiler" value="modern" />
    <property name="netbeans.user" value="C:\Users\McKinley\AppData\Roaming\NetBeans\7.2" />
    <property name="javadoc.additionalparam" value="" />
    <property name="jnlp.offline-allowed" value="false" />
    <property name="java.io.tmpdir" value="C:\Users\McKinley\AppData\Local\Temp\" />
    <property name="javafx.run.inbrowser.path" value="C:\Program Files\Internet Explorer\iexplore.exe" />
    <property name="java.vendor.url" value="http://java.oracle.com/" />
    <property name="endorsed.classpath.cmd.line.arg" value="" />
    <property name="junit.available" value="true" />
    <property name="libs.jsp-compiler.src" value="" />
    <property name="org.openide.awt.ActionReference.completion" value="org.netbeans.modules.apisupport.project.layers.PathCompletions" />
    <property name="project.TanksMessageClasses" value="C:\Repos\CS5200_Tanks\Implementation\TanksMessageClasses" />
    <property name="sun.boot.library.path" value="C:\Program Files\Java\jdk1.7.0_07\jre\bin" />
    <property name="have.sources" value="true" />
    <property name="debug.classpath" value="dist/TanksClient.jar:C:\repos\CS5200_Tanks\Dependencies\Javafx dependencies\jfxrt.jar:C:\repos\CS5200_Tanks\Dependencies\Javafx dependencies\deploy.jar:C:\repos\CS5200_Tanks\Dependencies\Javafx dependencies\javaws.jar:C:\repos\CS5200_Tanks\Dependencies\Javafx dependencies\plugin.jar:../TanksCommon/dist/TanksCommon.jar:C:\Dropbox\Java\slf4j-api-1.7.1.jar:C:\Repos\CS5200_Tanks\Implementation\TanksMessageClasses/dist/TanksMessageClasses.jar" />
    <property name="javadoc.private" value="false" />
    <property name="test.src.dir" value="test" />
    <property name="libs.jsf20.classpath" value="C:\Users\McKinley\AppData\Roaming\NetBeans\7.2\modules\ext\jsf-2_1\jsf-api.jar;C:\Users\McKinley\AppData\Roaming\NetBeans\7.2\modules\ext\jsf-2_1\jsf-impl.jar" />
    <property name="ap.processors.internal" value="" />
    <property name="meta.inf.dir" value="src/META-INF" />
    <property name="javadoc.encoding.used" value="UTF-8" />
    <property name="dist.jar" value="dist/TanksClient.jar" />
    <property name="java.runtime.name" value="Java(TM) SE Runtime Environment" />
    <property name="ant.project.name" value="Tanks" />
    <property name="reference.TanksMessageClasses.jar" value="C:\Repos\CS5200_Tanks\Implementation\TanksMessageClasses/dist/TanksMessageClasses.jar" />
    <property name="netbeans.hash.code" value="unique=NB_JAVA06bb0bdf6-3251-47c6-850d-aa44c7d77254_aeb3ed99-885b-48f5-820d-db657ffcd0f6" />
    <property name="netbeans.default_userdir_root" value="C:\Users\McKinley\AppData\Roaming\NetBeans" />
    <property name="libs.jsp-compilation-syscp.maven-pom" value="" />
    <property name="manifest.available-mkdist.available" value="true" />
    <property name="sun.cpu.isalist" value="amd64" />
    <property name="libs.CopyLibs.javadoc" value="" />
    <property name="org.openide.specification.version" value="6.2" />
    <property name="libs.hibernate-support.classpath" value="C:\Program Files\NetBeans 7.2\java\modules\ext\hibernate\antlr-2.7.6.jar;C:\Program Files\NetBeans 7.2\java\modules\ext\hibernate\asm.jar;C:\Program Files\NetBeans 7.2\java\modules\ext\hibernate\asm-attrs.jar;C:\Program Files\NetBeans 7.2\java\modules\ext\hibernate\cglib-2.1.3.jar;C:\Program Files\NetBeans 7.2\java\modules\ext\hibernate\commons-collections-2.1.1.jar;C:\Program Files\NetBeans 7.2\ide\modules\org-apache-commons-logging.jar;C:\Program Files\NetBeans 7.2\java\modules\ext\hibernate\dom4j-1.6.1.jar;C:\Program Files\NetBeans 7.2\java\modules\ext\hibernate\ehcache-1.2.3.jar;C:\Program Files\NetBeans 7.2\java\modules\ext\hibernate\jdbc2_0-stdext.jar;C:\Program Files\NetBeans 7.2\java\modules\ext\hibernate\jta.jar;C:\Program Files\NetBeans 7.2\java\modules\ext\hibernate\hibernate3.jar;C:\Program Files\NetBeans 7.2\java\modules\ext\hibernate\hibernate-tools.jar;C:\Program Files\NetBeans 7.2\java\modules\ext\hibernate\hibernate-annotations.jar;C:\Program Files\NetBeans 7.2\java\modules\ext\hibernate\hibernate-commons-annotations.jar;C:\Program Files\NetBeans 7.2\java\modules\ext\hibernate\hibernate-entitymanager.jar;C:\Program Files\NetBeans 7.2\java\modules\ext\hibernate\javassist.jar" />
    <property name="user.home" value="C:\Users\McKinley" />
    <property name="annotation.processing.processors.list" value="" />
    <property name="libs.primefaces.maven-pom" value="" />
    <property name="debug-args-line" value="-Xdebug" />
    <property name="libs.javaee-api-6.0.maven-pom" value="" />
    <property name="libs.JWSAntTasks.src" value="" />
    <property name="jar.index" value="false" />
    <property name="libs.CopyLibs.maven-pom" value="" />
    <property name="libs.spring-framework300.javadoc" value="" />
    <property name="libs.hibernate-persistence.maven-pom" value="" />
    <property name="libs.absolutelayout.javadoc" value="" />
    <property name="guice.disable.misplaced.annotation.check" value="true" />
    <property name="java.specification.name" value="Java Platform API Specification" />
    <property name="jnlp.mixed.code" value="default" />
    <property name="java.specification.vendor" value="Oracle Corporation" />
    <property name="libs.javac-api.classpath" value="C:\Program Files\NetBeans 7.2\java\modules\ext\nb-javac-api.jar" />
    <property name="platforms.Default_JavaFX_Platform.javafx.runtime.home" value="C:\Program Files\Java\jdk1.7.0_07\jre" />
    <property name="java.version" value="1.7.0_07" />
    <property name="run.jvmargs.ide" value="" />
    <property name="javadoc.version" value="false" />
    <property name="libs.MySQLDriver.javadoc" value="" />
    <property name="org.openide.version" value="deprecated" />
    <property name="source.encoding" value="UTF-8" />
    <property name="ap.cmd.line.internal" value="" />
    <property name="libs.eclipselinkmodelgen.maven-pom" value="" />
    <property name="libs.jsp-compilation-syscp.javadoc" value="" />
    <property name="ant.file.type.jfx-impl" value="file" />
    <property name="libs.junit.maven-pom" value="" />
    <property name="libs.eclipselinkmodelgen.javadoc" value="" />
    <property name="libs.metro.javadoc" value="C:\Users\McKinley\AppData\Roaming\NetBeans\7.2\docs\metro-1.4-doc.zip" />
    <property name="libs.struts.maven-pom" value="" />
    <property name="ant.file.jfx-impl" value="C:\Repos\CS5200_Tanks\Implementation\TanksClient\nbproject\jfx-impl.xml" />
    <property name="netbeans.home+have.tests" value="true" />
    <property name="annotation.processing.processor.options" value="" />
    <property name="javafx.deploy.adddesktopshortcut" value="false" />
    <property name="libs.testng.maven-pom" value="" />
    <property name="file.reference.jfxrt.jar" value="C:\repos\CS5200_Tanks\Dependencies\Javafx dependencies\jfxrt.jar" />
    <property name="libs.jaxb.src" value="" />
    <property name="work.dir" value="C:\Repos\CS5200_Tanks\Implementation\TanksClient" />
    <property name="libs.jaxb.classpath" value="C:\Program Files\NetBeans 7.2\ide\modules\ext\jaxb\jaxb-impl.jar;C:\Program Files\NetBeans 7.2\ide\modules\ext\jaxb\jaxb-xjc.jar;C:\Program Files\NetBeans 7.2\ide\modules\ext\jaxb\jaxb1-impl.jar;C:\Program Files\NetBeans 7.2\ide\modules\ext\jaxb\activation.jar;C:\Program Files\NetBeans 7.2\ide\modules\ext\jaxb\api\jaxb-api.jar;C:\Program Files\NetBeans 7.2\ide\modules\ext\jaxb\api\jsr173_1.0_api.jar" />
    <property name="compile.on.save.unsupported.javafx" value="true" />
    <property name="do.depend" value="false" />
    <property name="dist.javadoc.dir" value="dist/javadoc" />
    <property name="libs.spring-webmvc3.0.classpath" value="C:\Program Files\NetBeans 7.2\java\modules\ext\spring-3.0\spring-webmvc-3.1.1.RELEASE.jar" />
    <property name="libs.swing-layout.classpath" value="C:\Program Files\NetBeans 7.2\platform\modules\ext\swing-layout-1.0.4.jar" />
    <property name="javac.source" value="1.7" />
    <property name="build.generated.dir" value="build/generated" />
    <property name="javafx.fallback.class" value="com.javafx.main.NoJavaFXFallback" />
    <property name="line.separator" value="&#xd;&#xa;" />
    <property name="libs.hibernate-persistence.src" value="" />
    <property name="java.specification.version" value="1.7" />
    <property name="libs.jaxws21.maven-pom" value="" />
    <property name="java.vm.info" value="mixed mode" />
    <property name="nb.junit.batch" value="true" />
    <property name="junit.forkmode" value="perTest" />
    <property name="libs.spring-framework.maven-pom" value="" />
    <property name="sun.boot.class.path" value="C:\Program Files\Java\jdk1.7.0_07\jre\lib\resources.jar;C:\Program Files\Java\jdk1.7.0_07\jre\lib\rt.jar;C:\Program Files\Java\jdk1.7.0_07\jre\lib\sunrsasign.jar;C:\Program Files\Java\jdk1.7.0_07\jre\lib\jsse.jar;C:\Program Files\Java\jdk1.7.0_07\jre\lib\jce.jar;C:\Program Files\Java\jdk1.7.0_07\jre\lib\charsets.jar;C:\Program Files\Java\jdk1.7.0_07\jre\lib\jfr.jar;C:\Program Files\Java\jdk1.7.0_07\jre\classes" />
    <property name="javac.target" value="1.7" />
    <property name="built-jar.properties" value="C:\Repos\CS5200_Tanks\Implementation\TanksClient\build\built-jar.properties" />
    <property name="build.test.classes.dir" value="build/test/classes" />
    <property name="javafx.deploy.permissionselevated" value="true" />
    <property name="src.dir" value="src" />
    <property name="platforms.Default_JavaFX_Platform.bootclasspath" value="C:\Program Files\Java\jdk1.7.0_07\jre\lib\resources.jar;C:\Program Files\Java\jdk1.7.0_07\jre\lib\rt.jar;C:\Program Files\Java\jdk1.7.0_07\jre\lib\sunrsasign.jar;C:\Program Files\Java\jdk1.7.0_07\jre\lib\jsse.jar;C:\Program Files\Java\jdk1.7.0_07\jre\lib\jce.jar;C:\Program Files\Java\jdk1.7.0_07\jre\lib\charsets.jar;C:\Program Files\Java\jdk1.7.0_07\jre\lib\jfr.jar;C:\Program Files\Java\jdk1.7.0_07\jre\classes;C:\Program Files\Java\jdk1.7.0_07\jre\lib\ext\access-bridge-64.jar;C:\Program Files\Java\jdk1.7.0_07\jre\lib\ext\dnsns.jar;C:\Program Files\Java\jdk1.7.0_07\jre\lib\ext\jaccess.jar;C:\Program Files\Java\jdk1.7.0_07\jre\lib\ext\localedata.jar;C:\Program Files\Java\jdk1.7.0_07\jre\lib\ext\sunec.jar;C:\Program Files\Java\jdk1.7.0_07\jre\lib\ext\sunjce_provider.jar;C:\Program Files\Java\jdk1.7.0_07\jre\lib\ext\sunmscapi.jar;C:\Program Files\Java\jdk1.7.0_07\jre\lib\ext\zipfs.jar" />
    <property name="sun.awt.keepWorkingSetOnMinimize" value="true" />
    <property name="annotation.processing.enabled" value="true" />
    <property name="libs.jsf20.src" value="" />
    <property name="libs.jpa20-persistence.src" value="" />
    <property name="libs.jsf12.src" value="" />
    <property name="libs.struts.javadoc" value="C:\Users\McKinley\AppData\Roaming\NetBeans\7.2\docs\struts-1.3.10-javadoc.zip" />
    <property name="ignore.failing.tests" value="true" />
    <property name="libs.primefaces.src" value="" />
    <property name="javafx.deploy.embedJNLP" value="true" />
    <property name="libs.JAX-WS-ENDORSED.javadoc" value="" />
    <property name="dist.dir" value="dist" />
    <property name="testng.debug.mode" value="" />
    <property name="javac.fork" value="false" />
    <property name="java.awt.printerjob" value="sun.awt.windows.WPrinterJob" />
    <property name="default.javac.source" value="1.7" />
    <property name="debug-transport-by-os" value="dt_shmem" />
    <property name="sun.jnu.encoding" value="Cp1252" />
    <property name="file.reference.plugin.jar" value="C:\repos\CS5200_Tanks\Dependencies\Javafx dependencies\plugin.jar" />
    <property name="libs.MySQLDriver.src" value="" />
    <property name="file.reference.deploy.jar" value="C:\repos\CS5200_Tanks\Dependencies\Javafx dependencies\deploy.jar" />
    <property name="java.runtime.version" value="1.7.0_07-b10" />
    <property name="build.test.results.dir" value="build/test/results" />
    <property name="javafx.run.inbrowser" value="&lt;Default System Browser&gt;" />
    <property name="libs.ejb3-persistence.javadoc" value="" />
    <property name="default.javac.target" value="1.7" />
    <property name="libs.junit_4.classpath" value="C:\Users\McKinley\AppData\Roaming\NetBeans\7.2\modules\ext\junit-4.10.jar" />
    <property name="user.timezone" value="" />
    <property name="nb.junit.single" value="false" />
    <property name="do.jar" value="true" />
    <property name="libs.javaee-endorsed-api-6.0.maven-pom" value="" />
    <property name="platforms.Default_JavaFX_Platform.javafx.sdk.home" value="C:\Program Files\Java\jdk1.7.0_07" />
    <property name="netbeans.dirs" value="C:\Program Files\NetBeans 7.2\nb;C:\Program Files\NetBeans 7.2\ergonomics;C:\Program Files\NetBeans 7.2\ide;C:\Program Files\NetBeans 7.2\java;C:\Program Files\NetBeans 7.2\apisupport;C:\Program Files\NetBeans 7.2\webcommon;C:\Program Files\NetBeans 7.2\websvccommon;C:\Program Files\NetBeans 7.2\enterprise;C:\Program Files\NetBeans 7.2\mobility;C:\Program Files\NetBeans 7.2\profiler;C:\Program Files\NetBeans 7.2\python;C:\Program Files\NetBeans 7.2\php;C:\Program Files\NetBeans 7.2\identity;C:\Program Files\NetBeans 7.2\harness;C:\Program Files\NetBeans 7.2\cnd;C:\Program Files\NetBeans 7.2\dlight;C:\Program Files\NetBeans 7.2\groovy;C:\Program Files\NetBeans 7.2\extra;C:\Program Files\NetBeans 7.2\javacard;C:\Program Files\NetBeans 7.2\javafx" />
    <property name="libs.jsf20.javadoc" value="" />
    <property name="java.ext.dirs" value="C:\Program Files\Java\jdk1.7.0_07\jre\lib\ext;C:\Windows\Sun\Java\lib\ext" />
    <property name="libs.metro.src" value="" />
    <property name="endorsed.classpath" value="" />
    <property name="libs.absolutelayout.classpath" value="C:\Users\McKinley\AppData\Roaming\NetBeans\7.2\modules\ext\AbsoluteLayout.jar" />
    <property name="excludes" value="" />
    <property name="libs.metro.classpath" value="C:\Program Files\NetBeans 7.2\ide\modules\ext\jaxb\activation.jar;C:\Users\McKinley\AppData\Roaming\NetBeans\7.2\modules\ext\metro\webservices-api.jar;C:\Users\McKinley\AppData\Roaming\NetBeans\7.2\modules\ext\metro\webservices-extra-api.jar;C:\Users\McKinley\AppData\Roaming\NetBeans\7.2\modules\ext\metro\webservices-extra.jar;C:\Users\McKinley\AppData\Roaming\NetBeans\7.2\modules\ext\metro\webservices-rt.jar;C:\Users\McKinley\AppData\Roaming\NetBeans\7.2\modules\ext\metro\webservices-tools.jar" />
    <property name="apple.laf.useScreenMenuBar" value="true" />
    <property name="java.class.path" value="C:\repos\CS5200_Tanks\Dependencies\Javafx dependencies\jfxrt.jar;C:\repos\CS5200_Tanks\Dependencies\Javafx dependencies\deploy.jar;C:\repos\CS5200_Tanks\Dependencies\Javafx dependencies\javaws.jar;C:\repos\CS5200_Tanks\Dependencies\Javafx dependencies\plugin.jar;C:\Repos\CS5200_Tanks\Implementation\TanksCommon\dist\TanksCommon.jar;C:\Dropbox\Java\slf4j-api-1.7.1.jar;C:\Repos\CS5200_Tanks\Implementation\TanksMessageClasses\dist\TanksMessageClasses.jar;C:\Repos\CS5200_Tanks\Implementation\TanksClient\build\classes;C:\Users\McKinley\AppData\Roaming\NetBeans\7.2\modules\ext\junit-4.10.jar;C:\Repos\CS5200_Tanks\Implementation\TanksClient\build\test\classes;C:\Program Files\NetBeans 7.2\java\ant\lib\ant-launcher.jar;C:\Program Files\NetBeans 7.2\java\ant\lib\ant.jar;C:\Program Files\NetBeans 7.2\java\ant\lib\ant-junit.jar;C:\Program Files\NetBeans 7.2\java\ant\lib\ant-junit4.jar" />
    <property name="project.TanksCommon" value="../TanksCommon" />
    <property name="libs.absolutelayout.src" value="" />
    <property name="libs.jpa20-persistence.classpath" value="C:\Program Files\NetBeans 7.2\java\modules\ext\eclipselink\javax.persistence-2.0.3.jar" />
    <property name="os.version" value="6.2" />
    <property name="application.args" value="" />
    <property name="main.class.available" value="true" />
    <property name="sun.awt.enableExtraMouseButtons" value="true" />
    <property name="sun.desktop" value="windows" />
    <property name="javafx.sdk" value="C:\Program Files\Java\jdk1.7.0_07" />
    <property name="javafx.deploy.allowoffline" value="true" />
    <property name="libs.JAXB-ENDORSED.classpath" value="C:\Program Files\NetBeans 7.2\ide\modules\ext\jaxb\api\jaxb-api.jar" />
    <property name="libs.eclipselink.classpath" value="C:\Program Files\NetBeans 7.2\java\modules\ext\eclipselink\eclipselink-2.3.2.jar;C:\Program Files\NetBeans 7.2\java\modules\ext\eclipselink\javax.persistence-2.0.3.jar;C:\Program Files\NetBeans 7.2\java\modules\ext\eclipselink\org.eclipse.persistence.jpa.jpql_1.0.1.jar" />
    <property name="libs.beans-binding.javadoc" value="C:\Program Files\NetBeans 7.2\java\docs\beansbinding-1.2.1-doc.zip" />
    <property name="java.awt.graphicsenv" value="sun.awt.Win32GraphicsEnvironment" />
    <property name="java.vm.vendor" value="Oracle Corporation" />
    <property name="libs.CopyLibs.classpath" value="C:\Program Files\NetBeans 7.2\java\ant\extra\org-netbeans-modules-java-j2seproject-copylibstask.jar" />
    <property name="libs.spring-framework300.classpath" value="C:\Program Files\NetBeans 7.2\ide\modules\org-apache-commons-logging.jar;C:\Program Files\NetBeans 7.2\java\modules\ext\cglib-2.2.jar;C:\Program Files\NetBeans 7.2\java\modules\ext\spring-3.0\spring-aop-3.1.1.RELEASE.jar;C:\Program Files\NetBeans 7.2\java\modules\ext\spring-3.0\spring-asm-3.1.1.RELEASE.jar;C:\Program Files\NetBeans 7.2\java\modules\ext\spring-3.0\spring-aspects-3.1.1.RELEASE.jar;C:\Program Files\NetBeans 7.2\java\modules\ext\spring-3.0\spring-beans-3.1.1.RELEASE.jar;C:\Program Files\NetBeans 7.2\java\modules\ext\spring-3.0\spring-context-3.1.1.RELEASE.jar;C:\Program Files\NetBeans 7.2\java\modules\ext\spring-3.0\spring-context-support-3.1.1.RELEASE.jar;C:\Program Files\NetBeans 7.2\java\modules\ext\spring-3.0\spring-core-3.1.1.RELEASE.jar;C:\Program Files\NetBeans 7.2\java\modules\ext\spring-3.0\spring-expression-3.1.1.RELEASE.jar;C:\Program Files\NetBeans 7.2\java\modules\ext\spring-3.0\spring-instrument-3.1.1.RELEASE.jar;C:\Program Files\NetBeans 7.2\java\modules\ext\spring-3.0\spring-instrument-tomcat-3.1.1.RELEASE.jar;C:\Program Files\NetBeans 7.2\java\modules\ext\spring-3.0\spring-jdbc-3.1.1.RELEASE.jar;C:\Program Files\NetBeans 7.2\java\modules\ext\spring-3.0\spring-jms-3.1.1.RELEASE.jar;C:\Program Files\NetBeans 7.2\java\modules\ext\spring-3.0\spring-orm-3.1.1.RELEASE.jar;C:\Program Files\NetBeans 7.2\java\modules\ext\spring-3.0\spring-oxm-3.1.1.RELEASE.jar;C:\Program Files\NetBeans 7.2\java\modules\ext\spring-3.0\spring-test-3.1.1.RELEASE.jar;C:\Program Files\NetBeans 7.2\java\modules\ext\spring-3.0\spring-tx-3.1.1.RELEASE.jar;C:\Program Files\NetBeans 7.2\java\modules\ext\spring-3.0\spring-web-3.1.1.RELEASE.jar;C:\Program Files\NetBeans 7.2\java\modules\ext\spring-3.0\spring-webmvc-portlet-3.1.1.RELEASE.jar;C:\Program Files\NetBeans 7.2\java\modules\ext\spring-3.0\spring-webmvc-3.1.1.RELEASE.jar;C:\Program Files\NetBeans 7.2\java\modules\ext\spring-3.0\spring-struts-3.1.1.RELEASE.jar" />
    <property name="libs.jsp-compiler.maven-pom" value="" />
    <property name="libs.spring-webmvc.maven-pom" value="" />
    <property name="run.jvmargs" value="" />
    <property name="libs.ejb3-persistence.classpath" value="C:\Program Files\NetBeans 7.2\java\modules\ext\hibernate\ejb3-persistence.jar" />
    <property name="libs.spring-framework.javadoc" value="" />
    <property name="libs.JAXB-ENDORSED.src" value="" />
    <property name="libs.testng.javadoc" value="C:\Program Files\NetBeans 7.2\platform\docs\testng-6.5.1-javadoc.zip" />
    <property name="user.script" value="" />
    <property name="libs.PostgreSQLDriver.classpath" value="C:\Program Files\NetBeans 7.2\ide\modules\ext\postgresql-9.1-901.jdbc4.jar" />
    <property name="libs.jsf12.maven-pom" value="" />
    <property name="jnlp.signing" value="" />
    <property name="libs.junit.src" value="" />
    <property name="annotation.processing.source.output" value="build/generated-sources/ap-source-output" />
    <property name="jnlp.signed" value="false" />
    <property name="main.class" value="com.javafx.main.Main" />
    <property name="libs.CopyLibs.src" value="" />
    <property name="build.dir" value="build" />
    <property name="libs.jsp-compilation.classpath" value="C:\Program Files\NetBeans 7.2\java\ant\lib\ant.jar;C:\Users\McKinley\AppData\Roaming\NetBeans\7.2\modules\ext\servlet3.0-jsp2.2-api.jar;C:\Users\McKinley\AppData\Roaming\NetBeans\7.2\modules\ext\glassfish-jspparser-3.0.jar;C:\Users\McKinley\AppData\Roaming\NetBeans\7.2\modules\ext\jsf-2_1\jsf-api.jar;C:\Users\McKinley\AppData\Roaming\NetBeans\7.2\modules\ext\jstl.jar;C:\Program Files\NetBeans 7.2\java\ant\lib\ant-launcher.jar" />
    <property name="ant.version" value="Apache Ant(TM) version 1.8.3 compiled on February 26 2012" />
    <property name="build.classes.excludes" value="**/*.java,**/*.form" />
    <property name="file.encoding" value="Cp1252" />
    <property name="jdkBug6558476" value="false" />
    <property name="javadoc.nonavbar" value="false" />
    <property name="platform.active" value="default_platform" />
    <property name="awt.toolkit" value="sun.awt.windows.WToolkit" />
    <property name="javafx.deploy.installpermanently" value="false" />
  </properties>
  <testcase classname="ClientConversations.ClientJoinFightConversationTest" name="testInitiate" time="15.137" />
  <testcase classname="ClientConversations.ClientJoinFightConversationTest" name="testContinueProtocol" time="1.005">
    <failure type="junit.framework.AssertionFailedError">junit.framework.AssertionFailedError
	at ClientConversations.ClientJoinFightConversationTest.testContinueProtocol(ClientJoinFightConversationTest.java:71)
</failure>
  </testcase>
  <system-out><![CDATA[Sending join fight request
Sending join fight request
Sending join fight request
processing reply
removing conversation
]]></system-out>
  <system-err><![CDATA[]]></system-err>
</testsuite>
